mode: set
github.com/trinhxhai/snippetbox/cmd/web/middleware.go:11.70,12.71 1 1
github.com/trinhxhai/snippetbox/cmd/web/middleware.go:12.71,14.14 2 1
github.com/trinhxhai/snippetbox/cmd/web/middleware.go:17.3,18.32 2 1
github.com/trinhxhai/snippetbox/cmd/web/middleware.go:26.3,27.40 2 0
github.com/trinhxhai/snippetbox/cmd/web/middleware.go:14.14,16.4 1 1
github.com/trinhxhai/snippetbox/cmd/web/middleware.go:18.32,22.4 3 1
github.com/trinhxhai/snippetbox/cmd/web/middleware.go:22.9,22.24 1 0
github.com/trinhxhai/snippetbox/cmd/web/middleware.go:22.24,25.4 2 0
github.com/trinhxhai/snippetbox/cmd/web/middleware.go:31.52,32.71 1 1
github.com/trinhxhai/snippetbox/cmd/web/middleware.go:32.71,36.3 3 1
github.com/trinhxhai/snippetbox/cmd/web/middleware.go:39.68,40.71 1 1
github.com/trinhxhai/snippetbox/cmd/web/middleware.go:40.71,43.3 2 1
github.com/trinhxhai/snippetbox/cmd/web/middleware.go:46.70,47.71 1 1
github.com/trinhxhai/snippetbox/cmd/web/middleware.go:47.71,49.16 1 1
github.com/trinhxhai/snippetbox/cmd/web/middleware.go:56.3,56.23 1 1
github.com/trinhxhai/snippetbox/cmd/web/middleware.go:49.16,50.36 1 1
github.com/trinhxhai/snippetbox/cmd/web/middleware.go:50.36,53.5 2 0
github.com/trinhxhai/snippetbox/cmd/web/middleware.go:60.82,61.71 1 1
github.com/trinhxhai/snippetbox/cmd/web/middleware.go:61.71,62.38 1 0
github.com/trinhxhai/snippetbox/cmd/web/middleware.go:65.3,65.23 1 0
github.com/trinhxhai/snippetbox/cmd/web/middleware.go:62.38,64.4 1 0
github.com/trinhxhai/snippetbox/cmd/web/middleware.go:69.45,77.2 3 1
github.com/trinhxhai/snippetbox/cmd/web/routes.go:9.47,33.2 16 1
github.com/trinhxhai/snippetbox/cmd/web/templates.go:21.36,22.16 1 1
github.com/trinhxhai/snippetbox/cmd/web/templates.go:26.2,26.47 1 1
github.com/trinhxhai/snippetbox/cmd/web/templates.go:22.16,24.3 1 1
github.com/trinhxhai/snippetbox/cmd/web/templates.go:33.74,36.16 3 1
github.com/trinhxhai/snippetbox/cmd/web/templates.go:40.2,40.29 1 1
github.com/trinhxhai/snippetbox/cmd/web/templates.go:61.2,61.19 1 1
github.com/trinhxhai/snippetbox/cmd/web/templates.go:36.16,38.3 1 0
github.com/trinhxhai/snippetbox/cmd/web/templates.go:40.29,44.17 3 1
github.com/trinhxhai/snippetbox/cmd/web/templates.go:48.3,49.17 2 1
github.com/trinhxhai/snippetbox/cmd/web/templates.go:53.3,54.17 2 1
github.com/trinhxhai/snippetbox/cmd/web/templates.go:58.3,58.19 1 1
github.com/trinhxhai/snippetbox/cmd/web/templates.go:44.17,46.4 1 0
github.com/trinhxhai/snippetbox/cmd/web/templates.go:49.17,51.4 1 0
github.com/trinhxhai/snippetbox/cmd/web/templates.go:54.17,56.4 1 0
github.com/trinhxhai/snippetbox/cmd/web/handlers.go:11.70,13.16 2 0
github.com/trinhxhai/snippetbox/cmd/web/handlers.go:19.2,21.4 1 0
github.com/trinhxhai/snippetbox/cmd/web/handlers.go:13.16,17.3 2 0
github.com/trinhxhai/snippetbox/cmd/web/handlers.go:25.77,27.26 2 1
github.com/trinhxhai/snippetbox/cmd/web/handlers.go:31.2,33.31 2 1
github.com/trinhxhai/snippetbox/cmd/web/handlers.go:41.2,43.4 1 1
github.com/trinhxhai/snippetbox/cmd/web/handlers.go:27.26,30.3 2 1
github.com/trinhxhai/snippetbox/cmd/web/handlers.go:33.31,36.3 2 1
github.com/trinhxhai/snippetbox/cmd/web/handlers.go:36.8,36.23 1 1
github.com/trinhxhai/snippetbox/cmd/web/handlers.go:36.23,39.3 2 0
github.com/trinhxhai/snippetbox/cmd/web/handlers.go:47.83,51.2 1 0
github.com/trinhxhai/snippetbox/cmd/web/handlers.go:53.79,56.16 2 0
github.com/trinhxhai/snippetbox/cmd/web/handlers.go:61.2,66.19 5 0
github.com/trinhxhai/snippetbox/cmd/web/handlers.go:71.2,73.16 2 0
github.com/trinhxhai/snippetbox/cmd/web/handlers.go:78.2,80.74 2 0
github.com/trinhxhai/snippetbox/cmd/web/handlers.go:56.16,59.3 2 0
github.com/trinhxhai/snippetbox/cmd/web/handlers.go:66.19,69.3 2 0
github.com/trinhxhai/snippetbox/cmd/web/handlers.go:73.16,76.3 2 0
github.com/trinhxhai/snippetbox/cmd/web/handlers.go:83.80,87.2 1 1
github.com/trinhxhai/snippetbox/cmd/web/handlers.go:89.76,91.16 2 1
github.com/trinhxhai/snippetbox/cmd/web/handlers.go:95.2,100.19 5 1
github.com/trinhxhai/snippetbox/cmd/web/handlers.go:105.2,107.37 2 1
github.com/trinhxhai/snippetbox/cmd/web/handlers.go:116.2,117.57 2 1
github.com/trinhxhai/snippetbox/cmd/web/handlers.go:91.16,94.3 2 0
github.com/trinhxhai/snippetbox/cmd/web/handlers.go:100.19,103.3 2 1
github.com/trinhxhai/snippetbox/cmd/web/handlers.go:107.37,111.3 3 1
github.com/trinhxhai/snippetbox/cmd/web/handlers.go:111.8,111.23 1 1
github.com/trinhxhai/snippetbox/cmd/web/handlers.go:111.23,114.3 2 0
github.com/trinhxhai/snippetbox/cmd/web/handlers.go:120.79,124.2 1 0
github.com/trinhxhai/snippetbox/cmd/web/handlers.go:125.75,127.16 2 0
github.com/trinhxhai/snippetbox/cmd/web/handlers.go:132.2,135.41 4 0
github.com/trinhxhai/snippetbox/cmd/web/handlers.go:143.2,144.61 2 0
github.com/trinhxhai/snippetbox/cmd/web/handlers.go:127.16,130.3 2 0
github.com/trinhxhai/snippetbox/cmd/web/handlers.go:135.41,139.3 3 0
github.com/trinhxhai/snippetbox/cmd/web/handlers.go:139.8,139.23 1 0
github.com/trinhxhai/snippetbox/cmd/web/handlers.go:139.23,142.3 2 0
github.com/trinhxhai/snippetbox/cmd/web/handlers.go:147.76,152.2 4 0
github.com/trinhxhai/snippetbox/cmd/web/handlers.go:154.51,156.2 1 1
github.com/trinhxhai/snippetbox/cmd/web/helpers.go:15.71,22.2 3 0
github.com/trinhxhai/snippetbox/cmd/web/helpers.go:27.72,29.2 1 1
github.com/trinhxhai/snippetbox/cmd/web/helpers.go:34.57,36.2 1 1
github.com/trinhxhai/snippetbox/cmd/web/helpers.go:38.89,39.15 1 1
github.com/trinhxhai/snippetbox/cmd/web/helpers.go:42.2,47.11 5 1
github.com/trinhxhai/snippetbox/cmd/web/helpers.go:39.15,41.3 1 0
github.com/trinhxhai/snippetbox/cmd/web/helpers.go:50.103,52.9 2 1
github.com/trinhxhai/snippetbox/cmd/web/helpers.go:57.2,60.16 3 1
github.com/trinhxhai/snippetbox/cmd/web/helpers.go:65.2,65.16 1 1
github.com/trinhxhai/snippetbox/cmd/web/helpers.go:52.9,55.3 2 0
github.com/trinhxhai/snippetbox/cmd/web/helpers.go:60.16,63.3 2 0
github.com/trinhxhai/snippetbox/cmd/web/helpers.go:68.73,70.9 2 1
github.com/trinhxhai/snippetbox/cmd/web/helpers.go:73.2,73.13 1 0
github.com/trinhxhai/snippetbox/cmd/web/helpers.go:70.9,72.3 1 1
github.com/trinhxhai/snippetbox/cmd/web/main.go:40.13,53.16 8 0
github.com/trinhxhai/snippetbox/cmd/web/main.go:57.2,60.16 3 0
github.com/trinhxhai/snippetbox/cmd/web/main.go:64.2,94.21 9 0
github.com/trinhxhai/snippetbox/cmd/web/main.go:53.16,55.3 1 0
github.com/trinhxhai/snippetbox/cmd/web/main.go:60.16,62.3 1 0
github.com/trinhxhai/snippetbox/cmd/web/main.go:97.42,99.16 2 0
github.com/trinhxhai/snippetbox/cmd/web/main.go:102.2,102.33 1 0
github.com/trinhxhai/snippetbox/cmd/web/main.go:105.2,105.16 1 0
github.com/trinhxhai/snippetbox/cmd/web/main.go:99.16,101.3 1 0
github.com/trinhxhai/snippetbox/cmd/web/main.go:102.33,104.3 1 0
github.com/trinhxhai/snippetbox/pkg/models/mysql/snippets.go:12.76,16.16 3 0
github.com/trinhxhai/snippetbox/pkg/models/mysql/snippets.go:19.2,20.16 2 0
github.com/trinhxhai/snippetbox/pkg/models/mysql/snippets.go:24.2,24.21 1 0
github.com/trinhxhai/snippetbox/pkg/models/mysql/snippets.go:16.16,18.3 1 0
github.com/trinhxhai/snippetbox/pkg/models/mysql/snippets.go:20.16,22.3 1 0
github.com/trinhxhai/snippetbox/pkg/models/mysql/snippets.go:27.61,33.26 5 0
github.com/trinhxhai/snippetbox/pkg/models/mysql/snippets.go:38.2,38.15 1 0
github.com/trinhxhai/snippetbox/pkg/models/mysql/snippets.go:33.26,35.3 1 0
github.com/trinhxhai/snippetbox/pkg/models/mysql/snippets.go:35.8,35.23 1 0
github.com/trinhxhai/snippetbox/pkg/models/mysql/snippets.go:35.23,37.3 1 0
github.com/trinhxhai/snippetbox/pkg/models/mysql/snippets.go:41.60,46.16 3 0
github.com/trinhxhai/snippetbox/pkg/models/mysql/snippets.go:49.2,53.18 3 0
github.com/trinhxhai/snippetbox/pkg/models/mysql/snippets.go:62.2,62.34 1 0
github.com/trinhxhai/snippetbox/pkg/models/mysql/snippets.go:66.2,66.22 1 0
github.com/trinhxhai/snippetbox/pkg/models/mysql/snippets.go:46.16,48.3 1 0
github.com/trinhxhai/snippetbox/pkg/models/mysql/snippets.go:53.18,56.17 3 0
github.com/trinhxhai/snippetbox/pkg/models/mysql/snippets.go:59.3,59.33 1 0
github.com/trinhxhai/snippetbox/pkg/models/mysql/snippets.go:56.17,58.4 1 0
github.com/trinhxhai/snippetbox/pkg/models/mysql/snippets.go:62.34,64.3 1 0
github.com/trinhxhai/snippetbox/pkg/models/mysql/users.go:15.64,17.16 2 0
github.com/trinhxhai/snippetbox/pkg/models/mysql/users.go:20.2,24.16 3 0
github.com/trinhxhai/snippetbox/pkg/models/mysql/users.go:31.2,31.12 1 0
github.com/trinhxhai/snippetbox/pkg/models/mysql/users.go:17.16,19.3 1 0
github.com/trinhxhai/snippetbox/pkg/models/mysql/users.go:24.16,25.52 1 0
github.com/trinhxhai/snippetbox/pkg/models/mysql/users.go:25.52,26.91 1 0
github.com/trinhxhai/snippetbox/pkg/models/mysql/users.go:26.91,28.5 1 0
github.com/trinhxhai/snippetbox/pkg/models/mysql/users.go:34.71,41.26 5 0
github.com/trinhxhai/snippetbox/pkg/models/mysql/users.go:47.2,48.48 2 0
github.com/trinhxhai/snippetbox/pkg/models/mysql/users.go:54.2,54.16 1 0
github.com/trinhxhai/snippetbox/pkg/models/mysql/users.go:41.26,43.3 1 0
github.com/trinhxhai/snippetbox/pkg/models/mysql/users.go:43.8,43.23 1 0
github.com/trinhxhai/snippetbox/pkg/models/mysql/users.go:43.23,45.3 1 0
github.com/trinhxhai/snippetbox/pkg/models/mysql/users.go:48.48,50.3 1 0
github.com/trinhxhai/snippetbox/pkg/models/mysql/users.go:50.8,50.23 1 0
github.com/trinhxhai/snippetbox/pkg/models/mysql/users.go:50.23,52.3 1 0
github.com/trinhxhai/snippetbox/pkg/models/mysql/users.go:57.55,61.26 4 1
github.com/trinhxhai/snippetbox/pkg/models/mysql/users.go:66.2,66.15 1 1
github.com/trinhxhai/snippetbox/pkg/models/mysql/users.go:61.26,63.3 1 1
github.com/trinhxhai/snippetbox/pkg/models/mysql/users.go:63.8,63.23 1 1
github.com/trinhxhai/snippetbox/pkg/models/mysql/users.go:63.23,65.3 1 0
